Unity Editor version:    2021.3.12f1 (8af3c3e441b1)
Branch:                  2021.3/release
Build type:              Release
Batch mode:              YES
macOS version:           Version 13.0 (Build 22A380)
Darwin version:          22.1.0
Architecture:            arm64
Running under Rosetta:   NO
Available memory:        16384 MB
Using pre-set license
Pro License: YES

COMMAND LINE ARGUMENTS:
/Users/PC/Desktop/unity/2021.3.12f1/Unity.app/Contents/MacOS/Unity
-adb2
-batchMode
-noUpm
-name
AssetImportWorker1
-projectPath
/Users/PC/Desktop/unity/3vs3BullsAndCows
-logFile
Logs/AssetImportWorker1.log
-srvPort
50178
Successfully changed project path to: /Users/PC/Desktop/unity/3vs3BullsAndCows
/Users/PC/Desktop/unity/3vs3BullsAndCows
[UnityMemory] Configuration Parameters - Can be set up in boot.config
    "memorysetup-bucket-allocator-granularity=16"
    "memorysetup-bucket-allocator-bucket-count=8"
    "memorysetup-bucket-allocator-block-size=33554432"
    "memorysetup-bucket-allocator-block-count=8"
    "memorysetup-main-allocator-block-size=16777216"
    "memorysetup-thread-allocator-block-size=16777216"
    "memorysetup-gfx-main-allocator-block-size=16777216"
    "memorysetup-gfx-thread-allocator-block-size=16777216"
    "memorysetup-cache-allocator-block-size=4194304"
    "memorysetup-typetree-allocator-block-size=2097152"
    "memorysetup-profiler-bucket-allocator-granularity=16"
    "memorysetup-profiler-bucket-allocator-bucket-count=8"
    "memorysetup-profiler-bucket-allocator-block-size=33554432"
    "memorysetup-profiler-bucket-allocator-block-count=8"
    "memorysetup-profiler-allocator-block-size=16777216"
    "memorysetup-profiler-editor-allocator-block-size=1048576"
    "memorysetup-temp-allocator-size-main=16777216"
    "memorysetup-job-temp-allocator-block-size=2097152"
    "memorysetup-job-temp-allocator-block-size-background=1048576"
    "memorysetup-job-temp-allocator-reduction-small-platforms=262144"
    "memorysetup-temp-allocator-size-background-worker=32768"
    "memorysetup-temp-allocator-size-job-worker=262144"
    "memorysetup-temp-allocator-size-preload-manager=33554432"
    "memorysetup-temp-allocator-size-nav-mesh-worker=65536"
    "memorysetup-temp-allocator-size-audio-worker=65536"
    "memorysetup-temp-allocator-size-cloud-worker=32768"
    "memorysetup-temp-allocator-size-gi-baking-worker=262144"
    "memorysetup-temp-allocator-size-gfx=262144"
Refreshing native plugins compatible for Editor in 29.43 ms, found 2 plugins.
Preloading 0 native plugins for Editor in 0.00 ms.
Initialize engine version: 2021.3.12f1 (8af3c3e441b1)
[Subsystems] Discovering subsystems at path /Users/PC/Desktop/unity/2021.3.12f1/Unity.app/Contents/Resources/UnitySubsystems
[Subsystems] Discovering subsystems at path /Users/PC/Desktop/unity/3vs3BullsAndCows/Assets
GfxDevice: creating device client; threaded=0; jobified=0
 preferred device: Apple M1 (high power)
Metal devices available: 1
0: Apple M1 (high power)
Using device Apple M1 (high power)
Initializing Metal device caps: Apple M1
Initialize mono
Mono path[0] = '/Users/PC/Desktop/unity/2021.3.12f1/Unity.app/Contents/Managed'
Mono path[1] = '/Users/PC/Desktop/unity/2021.3.12f1/Unity.app/Contents/MonoBleedingEdge/lib/mono/unityjit-macos'
Mono config path = '/Users/PC/Desktop/unity/2021.3.12f1/Unity.app/Contents/MonoBleedingEdge/etc'
Using monoOptions --debugger-agent=transport=dt_socket,embedding=1,server=y,suspend=n,address=127.0.0.1:56460
Begin MonoManager ReloadAssembly
Registering precompiled unity dll's ...
Register platform support module: /Users/PC/Desktop/unity/2021.3.12f1/PlaybackEngines/WebGLSupport/UnityEditor.WebGL.Extensions.dll
Register platform support module: /Users/PC/Desktop/unity/2021.3.12f1/Unity.app/Contents/PlaybackEngines/MacStandaloneSupport/UnityEditor.OSXStandalone.Extensions.dll
Registered in 0.002506 seconds.
Native extension for OSXStandalone target not found
Native extension for WebGL target not found
Refreshing native plugins compatible for Editor in 29.53 ms, found 2 plugins.
Preloading 0 native plugins for Editor in 0.00 ms.
Mono: successfully reloaded assembly
- Completed reload, in  0.343 seconds
Domain Reload Profiling:
	ReloadAssembly (344ms)
		BeginReloadAssembly (59ms)
			ExecutionOrderSort (0ms)
			DisableScriptedObjects (0ms)
			BackupInstance (0ms)
			ReleaseScriptingObjects (0ms)
			CreateAndSetChildDomain (0ms)
		EndReloadAssembly (226ms)
			LoadAssemblies (60ms)
			RebuildTransferFunctionScriptingTraits (0ms)
			SetupTypeCache (57ms)
			ReleaseScriptCaches (0ms)
			RebuildScriptCaches (18ms)
			SetupLoadedEditorAssemblies (126ms)
				LogAssemblyErrors (0ms)
				InitializePlatformSupportModulesInManaged (4ms)
				SetLoadedEditorAssemblies (0ms)
				RefreshPlugins (30ms)
				BeforeProcessingInitializeOnLoad (1ms)
				ProcessInitializeOnLoadAttributes (71ms)
				ProcessInitializeOnLoadMethodAttributes (21ms)
				AfterProcessingInitializeOnLoad (0ms)
				EditorAssembliesLoaded (0ms)
			ExecutionOrderSort2 (0ms)
			AwakeInstancesAfterBackupRestoration (0ms)
Platform modules already initialized, skipping
Registering precompiled user dll's ...
Registered in 0.003393 seconds.
Begin MonoManager ReloadAssembly
Native extension for OSXStandalone target not found
Native extension for WebGL target not found
Refreshing native plugins compatible for Editor in 0.25 ms, found 2 plugins.
Preloading 0 native plugins for Editor in 0.00 ms.
Mono: successfully reloaded assembly
- Completed reload, in  0.469 seconds
Domain Reload Profiling:
	ReloadAssembly (470ms)
		BeginReloadAssembly (57ms)
			ExecutionOrderSort (0ms)
			DisableScriptedObjects (3ms)
			BackupInstance (0ms)
			ReleaseScriptingObjects (0ms)
			CreateAndSetChildDomain (9ms)
		EndReloadAssembly (352ms)
			LoadAssemblies (52ms)
			RebuildTransferFunctionScriptingTraits (0ms)
			SetupTypeCache (97ms)
			ReleaseScriptCaches (0ms)
			RebuildScriptCaches (27ms)
			SetupLoadedEditorAssemblies (165ms)
				LogAssemblyErrors (0ms)
				InitializePlatformSupportModulesInManaged (2ms)
				SetLoadedEditorAssemblies (0ms)
				RefreshPlugins (0ms)
				BeforeProcessingInitializeOnLoad (28ms)
				ProcessInitializeOnLoadAttributes (112ms)
				ProcessInitializeOnLoadMethodAttributes (20ms)
				AfterProcessingInitializeOnLoad (1ms)
				EditorAssembliesLoaded (0ms)
			ExecutionOrderSort2 (0ms)
			AwakeInstancesAfterBackupRestoration (2ms)
Platform modules already initialized, skipping
========================================================================
Worker process is ready to serve import requests
Launching external process: /Users/PC/Desktop/unity/2021.3.12f1/Unity.app/Contents/Tools/UnityShaderCompiler
Launched and connected shader compiler UnityShaderCompiler after 0.05 seconds
Refreshing native plugins compatible for Editor in 0.25 ms, found 2 plugins.
Preloading 0 native plugins for Editor in 0.00 ms.
Unloading 1754 Unused Serialized files (Serialized files now loaded: 0)
Unloading 23 unused Assets / (40.1 KB). Loaded Objects now: 2223.
Memory consumption went from 63.0 MB to 63.0 MB.
Total: 2.231708 ms (FindLiveObjects: 0.072417 ms CreateObjectMapping: 0.023958 ms MarkObjects: 2.089458 ms  DeleteObjects: 0.045166 ms)

AssetImportParameters requested are different than current active one (requested -> active):
  custom:video-decoder-ogg-theora: a1e56fd34408186e4bbccfd4996cb3dc -> 
  custom:container-muxer-webm: aa71ff27fc2769a1b78a27578f13a17b -> 
  custom:container-demuxer-webm: 4f35f7cbe854078d1ac9338744f61a02 -> 
  custom:video-encoder-webm-vp8: eb34c28f22e8b96e1ab97ce403110664 -> 
  custom:framework-osx-AVFoundation: e770b220cccbd017edd2c1fefb359320 -> 
  custom:audio-encoder-webm-vorbis: bf7c407c2cedff20999df2af8eb42d56 -> 
  custom:container-demuxer-ogg: 62fdf1f143b41e24485cea50d1cbac27 -> 
  custom:video-decoder-webm-vp8: 9c59270c3fd7afecdb556c50c9e8de78 -> 
  custom:audio-decoder-ogg-vorbis: bf7c407c2cedff20999df2af8eb42d56 -> 
========================================================================
Received Import Request.
  Time since last request: 80656.746812 seconds.
  path: Assets/Hypercasual Characters Bundle + Low Poly House Interior/Hypercasual Characters Bundle/Models/Character_08.fbx
  artifactKey: Guid(ec5445a2ec16ff040aedf2fbb833a121) Importer(815301076,1909f56bfc062723c751e8b465ee728b)
Start importing Assets/Hypercasual Characters Bundle + Low Poly House Interior/Hypercasual Characters Bundle/Models/Character_08.fbx using Guid(ec5445a2ec16ff040aedf2fbb833a121) Importer(815301076,1909f56bfc062723c751e8b465ee728b)  -> (artifact id: '8e82ba4ec93482c7e593936b4f3b299c') in 0.539950 seconds 
========================================================================
Received Import Request.
  Time since last request: 0.000109 seconds.
  path: Assets/Hypercasual Characters Bundle + Low Poly House Interior/Hypercasual Characters Bundle/Models/Character_10.fbx
  artifactKey: Guid(8b1d5e61a06dcde47bff2d8677b1f472) Importer(815301076,1909f56bfc062723c751e8b465ee728b)
Start importing Assets/Hypercasual Characters Bundle + Low Poly House Interior/Hypercasual Characters Bundle/Models/Character_10.fbx using Guid(8b1d5e61a06dcde47bff2d8677b1f472) Importer(815301076,1909f56bfc062723c751e8b465ee728b)  -> (artifact id: 'bfa22fd31b8abc3d606b5cf60203af3e') in 0.015744 seconds 
========================================================================
Received Import Request.
  Time since last request: 0.000051 seconds.
  path: Assets/Hypercasual Characters Bundle + Low Poly House Interior/Hypercasual Characters Bundle/Models/Character_26.fbx
  artifactKey: Guid(8af4c3dccfe2e214c87a7bc2b045e41d) Importer(815301076,1909f56bfc062723c751e8b465ee728b)
Start importing Assets/Hypercasual Characters Bundle + Low Poly House Interior/Hypercasual Characters Bundle/Models/Character_26.fbx using Guid(8af4c3dccfe2e214c87a7bc2b045e41d) Importer(815301076,1909f56bfc062723c751e8b465ee728b)  -> (artifact id: 'd5bcb4ecd96939a82ed1e1cb3d4ddbc3') in 0.016721 seconds 
========================================================================
Received Import Request.
  Time since last request: 0.000069 seconds.
  path: Assets/Hypercasual Characters Bundle + Low Poly House Interior/Hypercasual Characters Bundle/Models/Character_06.fbx
  artifactKey: Guid(99e0825ff8da39e499e1e3fe604b139b) Importer(815301076,1909f56bfc062723c751e8b465ee728b)
Start importing Assets/Hypercasual Characters Bundle + Low Poly House Interior/Hypercasual Characters Bundle/Models/Character_06.fbx using Guid(99e0825ff8da39e499e1e3fe604b139b) Importer(815301076,1909f56bfc062723c751e8b465ee728b)  -> (artifact id: 'c005a1448adb721cc19111c61d6b3743') in 0.016995 seconds 
========================================================================
Received Import Request.
  Time since last request: 0.000067 seconds.
  path: Assets/Hypercasual Characters Bundle + Low Poly House Interior/Hypercasual Characters Bundle/Models/Character_11.fbx
  artifactKey: Guid(18e9582283a59a244b7ebf1c82ded1bd) Importer(815301076,1909f56bfc062723c751e8b465ee728b)
Start importing Assets/Hypercasual Characters Bundle + Low Poly House Interior/Hypercasual Characters Bundle/Models/Character_11.fbx using Guid(18e9582283a59a244b7ebf1c82ded1bd) Importer(815301076,1909f56bfc062723c751e8b465ee728b)  -> (artifact id: '797f875de935ec4e82570ef72da9d778') in 0.018182 seconds 
========================================================================
Received Import Request.
  Time since last request: 0.000048 seconds.
  path: Assets/Hypercasual Characters Bundle + Low Poly House Interior/Hypercasual Characters Bundle/Models/Character_13.fbx
  artifactKey: Guid(907d79a94eb293f4980ba80778092024) Importer(815301076,1909f56bfc062723c751e8b465ee728b)
Start importing Assets/Hypercasual Characters Bundle + Low Poly House Interior/Hypercasual Characters Bundle/Models/Character_13.fbx using Guid(907d79a94eb293f4980ba80778092024) Importer(815301076,1909f56bfc062723c751e8b465ee728b)  -> (artifact id: 'd93c6d7518748b89ff5d52a873409a56') in 0.012629 seconds 
========================================================================
Received Import Request.
  Time since last request: 0.000052 seconds.
  path: Assets/Hypercasual Characters Bundle + Low Poly House Interior/Hypercasual Characters Bundle/Models/Character_15.fbx
  artifactKey: Guid(9c85c98cd67f6004f97c36ec11eaa256) Importer(815301076,1909f56bfc062723c751e8b465ee728b)
Start importing Assets/Hypercasual Characters Bundle + Low Poly House Interior/Hypercasual Characters Bundle/Models/Character_15.fbx using Guid(9c85c98cd67f6004f97c36ec11eaa256) Importer(815301076,1909f56bfc062723c751e8b465ee728b)  -> (artifact id: '038800da44aed97bc35332283f07fb1c') in 0.012191 seconds 
========================================================================
Received Import Request.
  Time since last request: 0.000044 seconds.
  path: Assets/Hypercasual Characters Bundle + Low Poly House Interior/Hypercasual Characters Bundle/Models/Character_14.fbx
  artifactKey: Guid(0f7a4a8a4f33c9e4a8411276c79d5c72) Importer(815301076,1909f56bfc062723c751e8b465ee728b)
Start importing Assets/Hypercasual Characters Bundle + Low Poly House Interior/Hypercasual Characters Bundle/Models/Character_14.fbx using Guid(0f7a4a8a4f33c9e4a8411276c79d5c72) Importer(815301076,1909f56bfc062723c751e8b465ee728b)  -> (artifact id: '73d2e58f52c33122a2622e82ddb6e35f') in 0.011083 seconds 
========================================================================
Received Import Request.
  Time since last request: 0.000042 seconds.
  path: Assets/Hypercasual Characters Bundle + Low Poly House Interior/Hypercasual Characters Bundle/Models/Character_09.fbx
  artifactKey: Guid(4dfe0569899c5ed4a82b6c9a9902b254) Importer(815301076,1909f56bfc062723c751e8b465ee728b)
Start importing Assets/Hypercasual Characters Bundle + Low Poly House Interior/Hypercasual Characters Bundle/Models/Character_09.fbx using Guid(4dfe0569899c5ed4a82b6c9a9902b254) Importer(815301076,1909f56bfc062723c751e8b465ee728b)  -> (artifact id: '6050a6f5ea9ba2a6e689c33b69c9b6b4') in 0.012031 seconds 
========================================================================
Received Import Request.
  Time since last request: 0.000050 seconds.
  path: Assets/Hypercasual Characters Bundle + Low Poly House Interior/Hypercasual Characters Bundle/Models/Character_33.fbx
  artifactKey: Guid(ae48f10f8deadbc468feedd7784d0574) Importer(815301076,1909f56bfc062723c751e8b465ee728b)
Start importing Assets/Hypercasual Characters Bundle + Low Poly House Interior/Hypercasual Characters Bundle/Models/Character_33.fbx using Guid(ae48f10f8deadbc468feedd7784d0574) Importer(815301076,1909f56bfc062723c751e8b465ee728b)  -> (artifact id: '08dbd1fcdecd5da99d14bcf3fdde5130') in 0.011765 seconds 
========================================================================
Received Import Request.
  Time since last request: 0.000105 seconds.
  path: Assets/Hypercasual Characters Bundle + Low Poly House Interior/Hypercasual Characters Bundle/Models/Character_03.fbx
  artifactKey: Guid(8fbcfc9aa06c2a54296f27a18d9addca) Importer(815301076,1909f56bfc062723c751e8b465ee728b)
Start importing Assets/Hypercasual Characters Bundle + Low Poly House Interior/Hypercasual Characters Bundle/Models/Character_03.fbx using Guid(8fbcfc9aa06c2a54296f27a18d9addca) Importer(815301076,1909f56bfc062723c751e8b465ee728b)  -> (artifact id: '54e721af10ed3213963f992c4730d49a') in 0.013721 seconds 
========================================================================
Received Import Request.
  Time since last request: 0.000206 seconds.
  path: Assets/Hypercasual Characters Bundle + Low Poly House Interior/Hypercasual Characters Bundle/Models/Character_21.fbx
  artifactKey: Guid(a528e76bc16152e4f93ca3dca3844c52) Importer(815301076,1909f56bfc062723c751e8b465ee728b)
Start importing Assets/Hypercasual Characters Bundle + Low Poly House Interior/Hypercasual Characters Bundle/Models/Character_21.fbx using Guid(a528e76bc16152e4f93ca3dca3844c52) Importer(815301076,1909f56bfc062723c751e8b465ee728b)  -> (artifact id: 'c378452423516c12c4a58835e25bb947') in 0.010971 seconds 
========================================================================
Received Import Request.
  Time since last request: 0.000041 seconds.
  path: Assets/Hypercasual Characters Bundle + Low Poly House Interior/Hypercasual Characters Bundle/Models/Character_16.fbx
  artifactKey: Guid(81f9c6dfdc98b504c99577b280c57278) Importer(815301076,1909f56bfc062723c751e8b465ee728b)
Start importing Assets/Hypercasual Characters Bundle + Low Poly House Interior/Hypercasual Characters Bundle/Models/Character_16.fbx using Guid(81f9c6dfdc98b504c99577b280c57278) Importer(815301076,1909f56bfc062723c751e8b465ee728b)  -> (artifact id: '1afa76b43b208dff20254d54475a1c8e') in 0.011241 seconds 
========================================================================
Received Import Request.
  Time since last request: 0.000044 seconds.
  path: Assets/Hypercasual Characters Bundle + Low Poly House Interior/Hypercasual Characters Bundle/Models/Character_20.fbx
  artifactKey: Guid(a32502d8d3a3ae844bdec6fd3c677fc5) Importer(815301076,1909f56bfc062723c751e8b465ee728b)
Start importing Assets/Hypercasual Characters Bundle + Low Poly House Interior/Hypercasual Characters Bundle/Models/Character_20.fbx using Guid(a32502d8d3a3ae844bdec6fd3c677fc5) Importer(815301076,1909f56bfc062723c751e8b465ee728b)  -> (artifact id: '819bf87586404dc42713a3eb4d1a2639') in 0.010060 seconds 
========================================================================
Received Import Request.
  Time since last request: 0.000040 seconds.
  path: Assets/Hypercasual Characters Bundle + Low Poly House Interior/Hypercasual Characters Bundle/Models/Character_25.fbx
  artifactKey: Guid(396bf13fd069fc44da479c39f731a3d0) Importer(815301076,1909f56bfc062723c751e8b465ee728b)
Start importing Assets/Hypercasual Characters Bundle + Low Poly House Interior/Hypercasual Characters Bundle/Models/Character_25.fbx using Guid(396bf13fd069fc44da479c39f731a3d0) Importer(815301076,1909f56bfc062723c751e8b465ee728b)  -> (artifact id: '17bade2f19df24e273b65961367d7d17') in 0.016157 seconds 
========================================================================
Received Import Request.
  Time since last request: 0.000052 seconds.
  path: Assets/Hypercasual Characters Bundle + Low Poly House Interior/Hypercasual Characters Bundle/Models/Character_07.fbx
  artifactKey: Guid(ec08e763ea79c85439a7b0bb126c4c39) Importer(815301076,1909f56bfc062723c751e8b465ee728b)
Start importing Assets/Hypercasual Characters Bundle + Low Poly House Interior/Hypercasual Characters Bundle/Models/Character_07.fbx using Guid(ec08e763ea79c85439a7b0bb126c4c39) Importer(815301076,1909f56bfc062723c751e8b465ee728b)  -> (artifact id: 'ae375daa82a18aa55ce29e62253d2073') in 0.014278 seconds 
========================================================================
Received Import Request.
  Time since last request: 0.000053 seconds.
  path: Assets/Hypercasual Characters Bundle + Low Poly House Interior/Hypercasual Characters Bundle/Models/Character_32.fbx
  artifactKey: Guid(8784b0ebb6840674b865d05c6e50606f) Importer(815301076,1909f56bfc062723c751e8b465ee728b)
Start importing Assets/Hypercasual Characters Bundle + Low Poly House Interior/Hypercasual Characters Bundle/Models/Character_32.fbx using Guid(8784b0ebb6840674b865d05c6e50606f) Importer(815301076,1909f56bfc062723c751e8b465ee728b)  -> (artifact id: '52f977353270c0a0f3151ca7494cd74c') in 0.017731 seconds 
