Unity Editor version:    2021.3.12f1 (8af3c3e441b1)
Branch:                  2021.3/release
Build type:              Release
Batch mode:              YES
macOS version:           Version 13.0 (Build 22A380)
Darwin version:          22.1.0
Architecture:            arm64
Running under Rosetta:   NO
Available memory:        16384 MB
Using pre-set license
Pro License: YES

COMMAND LINE ARGUMENTS:
/Users/PC/Desktop/unity/2021.3.12f1/Unity.app/Contents/MacOS/Unity
-adb2
-batchMode
-noUpm
-name
AssetImportWorker0
-projectPath
/Users/PC/Desktop/unity/3vs3BullsAndCows
-logFile
Logs/AssetImportWorker0.log
-srvPort
50178
Successfully changed project path to: /Users/PC/Desktop/unity/3vs3BullsAndCows
/Users/PC/Desktop/unity/3vs3BullsAndCows
[UnityMemory] Configuration Parameters - Can be set up in boot.config
    "memorysetup-bucket-allocator-granularity=16"
    "memorysetup-bucket-allocator-bucket-count=8"
    "memorysetup-bucket-allocator-block-size=33554432"
    "memorysetup-bucket-allocator-block-count=8"
    "memorysetup-main-allocator-block-size=16777216"
    "memorysetup-thread-allocator-block-size=16777216"
    "memorysetup-gfx-main-allocator-block-size=16777216"
    "memorysetup-gfx-thread-allocator-block-size=16777216"
    "memorysetup-cache-allocator-block-size=4194304"
    "memorysetup-typetree-allocator-block-size=2097152"
    "memorysetup-profiler-bucket-allocator-granularity=16"
    "memorysetup-profiler-bucket-allocator-bucket-count=8"
    "memorysetup-profiler-bucket-allocator-block-size=33554432"
    "memorysetup-profiler-bucket-allocator-block-count=8"
    "memorysetup-profiler-allocator-block-size=16777216"
    "memorysetup-profiler-editor-allocator-block-size=1048576"
    "memorysetup-temp-allocator-size-main=16777216"
    "memorysetup-job-temp-allocator-block-size=2097152"
    "memorysetup-job-temp-allocator-block-size-background=1048576"
    "memorysetup-job-temp-allocator-reduction-small-platforms=262144"
    "memorysetup-temp-allocator-size-background-worker=32768"
    "memorysetup-temp-allocator-size-job-worker=262144"
    "memorysetup-temp-allocator-size-preload-manager=33554432"
    "memorysetup-temp-allocator-size-nav-mesh-worker=65536"
    "memorysetup-temp-allocator-size-audio-worker=65536"
    "memorysetup-temp-allocator-size-cloud-worker=32768"
    "memorysetup-temp-allocator-size-gi-baking-worker=262144"
    "memorysetup-temp-allocator-size-gfx=262144"
Refreshing native plugins compatible for Editor in 29.43 ms, found 2 plugins.
Preloading 0 native plugins for Editor in 0.00 ms.
Initialize engine version: 2021.3.12f1 (8af3c3e441b1)
[Subsystems] Discovering subsystems at path /Users/PC/Desktop/unity/2021.3.12f1/Unity.app/Contents/Resources/UnitySubsystems
[Subsystems] Discovering subsystems at path /Users/PC/Desktop/unity/3vs3BullsAndCows/Assets
GfxDevice: creating device client; threaded=0; jobified=0
 preferred device: Apple M1 (high power)
Metal devices available: 1
0: Apple M1 (high power)
Using device Apple M1 (high power)
Initializing Metal device caps: Apple M1
Initialize mono
Mono path[0] = '/Users/PC/Desktop/unity/2021.3.12f1/Unity.app/Contents/Managed'
Mono path[1] = '/Users/PC/Desktop/unity/2021.3.12f1/Unity.app/Contents/MonoBleedingEdge/lib/mono/unityjit-macos'
Mono config path = '/Users/PC/Desktop/unity/2021.3.12f1/Unity.app/Contents/MonoBleedingEdge/etc'
Using monoOptions --debugger-agent=transport=dt_socket,embedding=1,server=y,suspend=n,address=127.0.0.1:56458
Begin MonoManager ReloadAssembly
Registering precompiled unity dll's ...
Register platform support module: /Users/PC/Desktop/unity/2021.3.12f1/PlaybackEngines/WebGLSupport/UnityEditor.WebGL.Extensions.dll
Register platform support module: /Users/PC/Desktop/unity/2021.3.12f1/Unity.app/Contents/PlaybackEngines/MacStandaloneSupport/UnityEditor.OSXStandalone.Extensions.dll
Registered in 0.002506 seconds.
Native extension for OSXStandalone target not found
Native extension for WebGL target not found
Refreshing native plugins compatible for Editor in 29.52 ms, found 2 plugins.
Preloading 0 native plugins for Editor in 0.00 ms.
Mono: successfully reloaded assembly
- Completed reload, in  0.343 seconds
Domain Reload Profiling:
	ReloadAssembly (344ms)
		BeginReloadAssembly (59ms)
			ExecutionOrderSort (0ms)
			DisableScriptedObjects (0ms)
			BackupInstance (0ms)
			ReleaseScriptingObjects (0ms)
			CreateAndSetChildDomain (0ms)
		EndReloadAssembly (226ms)
			LoadAssemblies (60ms)
			RebuildTransferFunctionScriptingTraits (0ms)
			SetupTypeCache (57ms)
			ReleaseScriptCaches (0ms)
			RebuildScriptCaches (18ms)
			SetupLoadedEditorAssemblies (127ms)
				LogAssemblyErrors (0ms)
				InitializePlatformSupportModulesInManaged (4ms)
				SetLoadedEditorAssemblies (0ms)
				RefreshPlugins (30ms)
				BeforeProcessingInitializeOnLoad (1ms)
				ProcessInitializeOnLoadAttributes (71ms)
				ProcessInitializeOnLoadMethodAttributes (21ms)
				AfterProcessingInitializeOnLoad (0ms)
				EditorAssembliesLoaded (0ms)
			ExecutionOrderSort2 (0ms)
			AwakeInstancesAfterBackupRestoration (0ms)
Platform modules already initialized, skipping
Registering precompiled user dll's ...
Registered in 0.003394 seconds.
Begin MonoManager ReloadAssembly
Native extension for OSXStandalone target not found
Native extension for WebGL target not found
Refreshing native plugins compatible for Editor in 0.27 ms, found 2 plugins.
Preloading 0 native plugins for Editor in 0.00 ms.
Mono: successfully reloaded assembly
- Completed reload, in  0.469 seconds
Domain Reload Profiling:
	ReloadAssembly (470ms)
		BeginReloadAssembly (56ms)
			ExecutionOrderSort (0ms)
			DisableScriptedObjects (3ms)
			BackupInstance (0ms)
			ReleaseScriptingObjects (0ms)
			CreateAndSetChildDomain (9ms)
		EndReloadAssembly (352ms)
			LoadAssemblies (51ms)
			RebuildTransferFunctionScriptingTraits (0ms)
			SetupTypeCache (97ms)
			ReleaseScriptCaches (0ms)
			RebuildScriptCaches (28ms)
			SetupLoadedEditorAssemblies (165ms)
				LogAssemblyErrors (0ms)
				InitializePlatformSupportModulesInManaged (2ms)
				SetLoadedEditorAssemblies (0ms)
				RefreshPlugins (0ms)
				BeforeProcessingInitializeOnLoad (28ms)
				ProcessInitializeOnLoadAttributes (112ms)
				ProcessInitializeOnLoadMethodAttributes (21ms)
				AfterProcessingInitializeOnLoad (1ms)
				EditorAssembliesLoaded (0ms)
			ExecutionOrderSort2 (0ms)
			AwakeInstancesAfterBackupRestoration (2ms)
Platform modules already initialized, skipping
========================================================================
Worker process is ready to serve import requests
Launching external process: /Users/PC/Desktop/unity/2021.3.12f1/Unity.app/Contents/Tools/UnityShaderCompiler
Launched and connected shader compiler UnityShaderCompiler after 0.05 seconds
Refreshing native plugins compatible for Editor in 0.26 ms, found 2 plugins.
Preloading 0 native plugins for Editor in 0.00 ms.
Unloading 1754 Unused Serialized files (Serialized files now loaded: 0)
Unloading 23 unused Assets / (40.1 KB). Loaded Objects now: 2223.
Memory consumption went from 63.1 MB to 63.0 MB.
Total: 2.231125 ms (FindLiveObjects: 0.071792 ms CreateObjectMapping: 0.024291 ms MarkObjects: 2.084375 ms  DeleteObjects: 0.049917 ms)

AssetImportParameters requested are different than current active one (requested -> active):
  custom:video-decoder-ogg-theora: a1e56fd34408186e4bbccfd4996cb3dc -> 
  custom:container-muxer-webm: aa71ff27fc2769a1b78a27578f13a17b -> 
  custom:container-demuxer-webm: 4f35f7cbe854078d1ac9338744f61a02 -> 
  custom:video-encoder-webm-vp8: eb34c28f22e8b96e1ab97ce403110664 -> 
  custom:framework-osx-AVFoundation: e770b220cccbd017edd2c1fefb359320 -> 
  custom:audio-encoder-webm-vorbis: bf7c407c2cedff20999df2af8eb42d56 -> 
  custom:container-demuxer-ogg: 62fdf1f143b41e24485cea50d1cbac27 -> 
  custom:video-decoder-webm-vp8: 9c59270c3fd7afecdb556c50c9e8de78 -> 
  custom:audio-decoder-ogg-vorbis: bf7c407c2cedff20999df2af8eb42d56 -> 
========================================================================
Received Import Request.
  Time since last request: 80656.746806 seconds.
  path: Assets/Hypercasual Characters Bundle + Low Poly House Interior/Hypercasual Characters Bundle/Models/Character_19.fbx
  artifactKey: Guid(11a22ad500e51524fa9cf7ba8c823d8a) Importer(815301076,1909f56bfc062723c751e8b465ee728b)
Start importing Assets/Hypercasual Characters Bundle + Low Poly House Interior/Hypercasual Characters Bundle/Models/Character_19.fbx using Guid(11a22ad500e51524fa9cf7ba8c823d8a) Importer(815301076,1909f56bfc062723c751e8b465ee728b)  -> (artifact id: 'd2760bd3d8fd992dbb5045619ebe30b7') in 0.542591 seconds 
========================================================================
Received Import Request.
  Time since last request: 0.000064 seconds.
  path: Assets/Hypercasual Characters Bundle + Low Poly House Interior/Hypercasual Characters Bundle/Models/Character_27.fbx
  artifactKey: Guid(1d2a28f49bd5c8f479641f4f2508d6e0) Importer(815301076,1909f56bfc062723c751e8b465ee728b)
Start importing Assets/Hypercasual Characters Bundle + Low Poly House Interior/Hypercasual Characters Bundle/Models/Character_27.fbx using Guid(1d2a28f49bd5c8f479641f4f2508d6e0) Importer(815301076,1909f56bfc062723c751e8b465ee728b)  -> (artifact id: '91f11a762b02feeb7ed31ceb98ea2f9b') in 0.015782 seconds 
========================================================================
Received Import Request.
  Time since last request: 0.000074 seconds.
  path: Assets/Hypercasual Characters Bundle + Low Poly House Interior/Hypercasual Characters Bundle/Models/Character_02.fbx
  artifactKey: Guid(3efae44f555900a4a895373a92b97284) Importer(815301076,1909f56bfc062723c751e8b465ee728b)
Start importing Assets/Hypercasual Characters Bundle + Low Poly House Interior/Hypercasual Characters Bundle/Models/Character_02.fbx using Guid(3efae44f555900a4a895373a92b97284) Importer(815301076,1909f56bfc062723c751e8b465ee728b)  -> (artifact id: '6d5c415778bdc618ad61465f857da4bc') in 0.014718 seconds 
========================================================================
Received Import Request.
  Time since last request: 0.000050 seconds.
  path: Assets/Hypercasual Characters Bundle + Low Poly House Interior/Hypercasual Characters Bundle/Models/Character_01.fbx
  artifactKey: Guid(5e64305e3a99e4e4ba191621cd9d7986) Importer(815301076,1909f56bfc062723c751e8b465ee728b)
Start importing Assets/Hypercasual Characters Bundle + Low Poly House Interior/Hypercasual Characters Bundle/Models/Character_01.fbx using Guid(5e64305e3a99e4e4ba191621cd9d7986) Importer(815301076,1909f56bfc062723c751e8b465ee728b)  -> (artifact id: '916ad92355e27ddb6b4b09ef8896b702') in 0.015033 seconds 
========================================================================
Received Import Request.
  Time since last request: 0.000070 seconds.
  path: Assets/Hypercasual Characters Bundle + Low Poly House Interior/Hypercasual Characters Bundle/Models/Character_24.fbx
  artifactKey: Guid(b3ff5ffb529305e4ab11ec80af893fec) Importer(815301076,1909f56bfc062723c751e8b465ee728b)
Start importing Assets/Hypercasual Characters Bundle + Low Poly House Interior/Hypercasual Characters Bundle/Models/Character_24.fbx using Guid(b3ff5ffb529305e4ab11ec80af893fec) Importer(815301076,1909f56bfc062723c751e8b465ee728b)  -> (artifact id: 'fcc6ba742ad228de5755907a4b42aa31') in 0.013079 seconds 
========================================================================
Received Import Request.
  Time since last request: 0.000042 seconds.
  path: Assets/Hypercasual Characters Bundle + Low Poly House Interior/Hypercasual Characters Bundle/Models/Character_30.fbx
  artifactKey: Guid(844d9543a5fecad40a37f5bb8b9ef346) Importer(815301076,1909f56bfc062723c751e8b465ee728b)
Start importing Assets/Hypercasual Characters Bundle + Low Poly House Interior/Hypercasual Characters Bundle/Models/Character_30.fbx using Guid(844d9543a5fecad40a37f5bb8b9ef346) Importer(815301076,1909f56bfc062723c751e8b465ee728b)  -> (artifact id: '1f8b1b4779a87659efdfdb15b9a5a0e7') in 0.012823 seconds 
========================================================================
Received Import Request.
  Time since last request: 0.000824 seconds.
  path: Assets/Hypercasual Characters Bundle + Low Poly House Interior/Hypercasual Characters Bundle/Models/Character_22.fbx
  artifactKey: Guid(9548c3be86ef10e449c36885cc623959) Importer(815301076,1909f56bfc062723c751e8b465ee728b)
Start importing Assets/Hypercasual Characters Bundle + Low Poly House Interior/Hypercasual Characters Bundle/Models/Character_22.fbx using Guid(9548c3be86ef10e449c36885cc623959) Importer(815301076,1909f56bfc062723c751e8b465ee728b)  -> (artifact id: '8a38125ea665375e2760a112faa34383') in 0.012639 seconds 
========================================================================
Received Import Request.
  Time since last request: 0.000042 seconds.
  path: Assets/Hypercasual Characters Bundle + Low Poly House Interior/Hypercasual Characters Bundle/Models/Character_05.fbx
  artifactKey: Guid(9b957d876536b1544ae692c85af96bfa) Importer(815301076,1909f56bfc062723c751e8b465ee728b)
Start importing Assets/Hypercasual Characters Bundle + Low Poly House Interior/Hypercasual Characters Bundle/Models/Character_05.fbx using Guid(9b957d876536b1544ae692c85af96bfa) Importer(815301076,1909f56bfc062723c751e8b465ee728b)  -> (artifact id: '8716ab1f2fbc81d9fef76ff173bfa865') in 0.011588 seconds 
========================================================================
Received Import Request.
  Time since last request: 0.000110 seconds.
  path: Assets/Hypercasual Characters Bundle + Low Poly House Interior/Hypercasual Characters Bundle/Models/Character_23.fbx
  artifactKey: Guid(37c7f87e51e321f469e16fc23be21abb) Importer(815301076,1909f56bfc062723c751e8b465ee728b)
Start importing Assets/Hypercasual Characters Bundle + Low Poly House Interior/Hypercasual Characters Bundle/Models/Character_23.fbx using Guid(37c7f87e51e321f469e16fc23be21abb) Importer(815301076,1909f56bfc062723c751e8b465ee728b)  -> (artifact id: '5d6fd7db47b2a429764467fe0b146888') in 0.010943 seconds 
========================================================================
Received Import Request.
  Time since last request: 0.000044 seconds.
  path: Assets/Hypercasual Characters Bundle + Low Poly House Interior/Hypercasual Characters Bundle/Models/Character_31.fbx
  artifactKey: Guid(00f18601afd4499499708eafdfb5a1e2) Importer(815301076,1909f56bfc062723c751e8b465ee728b)
Start importing Assets/Hypercasual Characters Bundle + Low Poly House Interior/Hypercasual Characters Bundle/Models/Character_31.fbx using Guid(00f18601afd4499499708eafdfb5a1e2) Importer(815301076,1909f56bfc062723c751e8b465ee728b)  -> (artifact id: 'f8e1b29a5bf415bb3463c0ef20f3db6b') in 0.012495 seconds 
========================================================================
Received Import Request.
  Time since last request: 0.000037 seconds.
  path: Assets/Hypercasual Characters Bundle + Low Poly House Interior/Hypercasual Characters Bundle/Models/Character_04.fbx
  artifactKey: Guid(803a46ff3199c7e4da4bfecc2e227420) Importer(815301076,1909f56bfc062723c751e8b465ee728b)
Start importing Assets/Hypercasual Characters Bundle + Low Poly House Interior/Hypercasual Characters Bundle/Models/Character_04.fbx using Guid(803a46ff3199c7e4da4bfecc2e227420) Importer(815301076,1909f56bfc062723c751e8b465ee728b)  -> (artifact id: '35b0479e252d4adee0abe0df05db9c68') in 0.012804 seconds 
========================================================================
Received Import Request.
  Time since last request: 0.000044 seconds.
  path: Assets/Hypercasual Characters Bundle + Low Poly House Interior/Hypercasual Characters Bundle/Models/Character_29.fbx
  artifactKey: Guid(c9d045db5fb7e724586c6ef631df4f9f) Importer(815301076,1909f56bfc062723c751e8b465ee728b)
Start importing Assets/Hypercasual Characters Bundle + Low Poly House Interior/Hypercasual Characters Bundle/Models/Character_29.fbx using Guid(c9d045db5fb7e724586c6ef631df4f9f) Importer(815301076,1909f56bfc062723c751e8b465ee728b)  -> (artifact id: '25248d2dcdf937bcaad7671965c34331') in 0.013608 seconds 
========================================================================
Received Import Request.
  Time since last request: 0.000037 seconds.
  path: Assets/Hypercasual Characters Bundle + Low Poly House Interior/Hypercasual Characters Bundle/Models/Character_28.fbx
  artifactKey: Guid(da7e830b371ca5c4189f4f39f36b7d45) Importer(815301076,1909f56bfc062723c751e8b465ee728b)
Start importing Assets/Hypercasual Characters Bundle + Low Poly House Interior/Hypercasual Characters Bundle/Models/Character_28.fbx using Guid(da7e830b371ca5c4189f4f39f36b7d45) Importer(815301076,1909f56bfc062723c751e8b465ee728b)  -> (artifact id: 'fd21b8dbbaa89d4af117ae59dece295d') in 0.010681 seconds 
========================================================================
Received Import Request.
  Time since last request: 0.000039 seconds.
  path: Assets/Hypercasual Characters Bundle + Low Poly House Interior/Hypercasual Characters Bundle/Models/Character_17.fbx
  artifactKey: Guid(3f8a65ff83dae854ba44aa2541881f06) Importer(815301076,1909f56bfc062723c751e8b465ee728b)
Start importing Assets/Hypercasual Characters Bundle + Low Poly House Interior/Hypercasual Characters Bundle/Models/Character_17.fbx using Guid(3f8a65ff83dae854ba44aa2541881f06) Importer(815301076,1909f56bfc062723c751e8b465ee728b)  -> (artifact id: 'b69086c5404857fa3d91616801a14d7f') in 0.010871 seconds 
========================================================================
Received Import Request.
  Time since last request: 0.000043 seconds.
  path: Assets/Hypercasual Characters Bundle + Low Poly House Interior/Hypercasual Characters Bundle/Models/Character_18.fbx
  artifactKey: Guid(b689aabdd9657344da0f1a8225637288) Importer(815301076,1909f56bfc062723c751e8b465ee728b)
Start importing Assets/Hypercasual Characters Bundle + Low Poly House Interior/Hypercasual Characters Bundle/Models/Character_18.fbx using Guid(b689aabdd9657344da0f1a8225637288) Importer(815301076,1909f56bfc062723c751e8b465ee728b)  -> (artifact id: '1801b23ef4c7f4f486e7c9e0f6843e50') in 0.012271 seconds 
========================================================================
Received Import Request.
  Time since last request: 0.000058 seconds.
  path: Assets/Hypercasual Characters Bundle + Low Poly House Interior/Hypercasual Characters Bundle/Models/Character_34.fbx
  artifactKey: Guid(724ffdd378f0c3b48855ec0a3518648a) Importer(815301076,1909f56bfc062723c751e8b465ee728b)
Start importing Assets/Hypercasual Characters Bundle + Low Poly House Interior/Hypercasual Characters Bundle/Models/Character_34.fbx using Guid(724ffdd378f0c3b48855ec0a3518648a) Importer(815301076,1909f56bfc062723c751e8b465ee728b)  -> (artifact id: '311d5dd501490675bc1a65353df5ea28') in 0.014306 seconds 
========================================================================
Received Import Request.
  Time since last request: 0.000195 seconds.
  path: Assets/Hypercasual Characters Bundle + Low Poly House Interior/Hypercasual Characters Bundle/Models/Character_12.fbx
  artifactKey: Guid(637871d0ddf9e8e4cae6a70862151fc9) Importer(815301076,1909f56bfc062723c751e8b465ee728b)
Start importing Assets/Hypercasual Characters Bundle + Low Poly House Interior/Hypercasual Characters Bundle/Models/Character_12.fbx using Guid(637871d0ddf9e8e4cae6a70862151fc9) Importer(815301076,1909f56bfc062723c751e8b465ee728b)  -> (artifact id: 'da88471fd10ead80ac71ddc23d4e66a2') in 0.022512 seconds 
